0 info it worked if it ends with ok
1 verbose cli [ 'node',
1 verbose cli   'C:\\Users\\edvin.12MEDIA\\AppData\\Roaming\\npm\\node_modules\\npm\\bin\\npm-cli.js',
1 verbose cli   'update',
1 verbose cli   '-g' ]
2 info using npm@2.12.1
3 info using node@v0.10.39
4 silly mapToRegistry name npm
5 silly mapToRegistry using default registry
6 silly mapToRegistry registry https://registry.npmjs.org/
7 silly mapToRegistry uri https://registry.npmjs.org/npm
8 verbose request uri https://registry.npmjs.org/npm
9 verbose request no auth needed
10 info attempt registry request try #1 at 14:44:07
11 verbose request id f7c7def620f8f0dd
12 verbose etag "2VMM29M5KMIEL68HX1OL92YBZ"
13 http request GET https://registry.npmjs.org/npm
14 http 304 https://registry.npmjs.org/npm
15 silly get cb [ 304,
15 silly get   { date: 'Fri, 03 Jul 2015 12:44:07 GMT',
15 silly get     via: '1.1 varnish',
15 silly get     'cache-control': 'max-age=60',
15 silly get     etag: '"2VMM29M5KMIEL68HX1OL92YBZ"',
15 silly get     age: '32',
15 silly get     connection: 'keep-alive',
15 silly get     'x-served-by': 'cache-fra1236-FRA',
15 silly get     'x-cache': 'HIT',
15 silly get     'x-cache-hits': '1',
15 silly get     'x-timer': 'S1435927447.702635,VS0,VE8',
15 silly get     vary: 'Accept' } ]
16 verbose etag https://registry.npmjs.org/npm from cache
17 verbose get saving npm to C:\Users\edvin.12MEDIA\AppData\Roaming\npm-cache\registry.npmjs.org\npm\.cache.json
18 info outdated updating [ [ 'C:\\Program Files (x86)\\nodejs',
18 info outdated     'npm',
18 info outdated     '1.4.28',
18 info outdated     '2.12.1',
18 info outdated     '2.12.1',
18 info outdated     'latest' ] ]
19 verbose install where, what [ 'C:\\Program Files (x86)\\nodejs', [ 'npm@2.12.1' ] ]
20 verbose install initial load of C:\Program Files (x86)\nodejs\package.json
21 verbose readDependencies loading dependencies from C:\Program Files (x86)\nodejs\package.json
22 silly cache add args [ 'npm@2.12.1', null ]
23 verbose cache add spec npm@2.12.1
24 silly cache add parsed spec { raw: 'npm@2.12.1',
24 silly cache add   scope: null,
24 silly cache add   name: 'npm',
24 silly cache add   rawSpec: '2.12.1',
24 silly cache add   spec: '2.12.1',
24 silly cache add   type: 'version' }
25 silly addNamed npm@2.12.1
26 verbose addNamed "2.12.1" is a plain semver version for npm
27 silly mapToRegistry name npm
28 silly mapToRegistry using default registry
29 silly mapToRegistry registry https://registry.npmjs.org/
30 silly mapToRegistry uri https://registry.npmjs.org/npm
31 verbose addNameVersion registry:https://registry.npmjs.org/npm not in flight; fetching
32 verbose get https://registry.npmjs.org/npm not expired, no request
33 silly cache afterAdd npm@2.12.1
34 verbose afterAdd C:\Users\edvin.12MEDIA\AppData\Roaming\npm-cache\npm\2.12.1\package\package.json not in flight; writing
35 verbose afterAdd C:\Users\edvin.12MEDIA\AppData\Roaming\npm-cache\npm\2.12.1\package\package.json written
36 silly install resolved [ { version: '2.12.1',
36 silly install resolved     name: 'npm',
36 silly install resolved     description: 'a package manager for JavaScript',
36 silly install resolved     keywords: [ 'package manager', 'modules', 'install', 'package.json' ],
36 silly install resolved     preferGlobal: true,
36 silly install resolved     config: { publishtest: false },
36 silly install resolved     homepage: 'https://docs.npmjs.com/',
36 silly install resolved     author:
36 silly install resolved      { name: 'Isaac Z. Schlueter',
36 silly install resolved        email: 'i@izs.me',
36 silly install resolved        url: 'http://blog.izs.me' },
36 silly install resolved     repository: { type: 'git', url: 'git+https://github.com/npm/npm.git' },
36 silly install resolved     bugs: { url: 'http://github.com/npm/npm/issues' },
36 silly install resolved     directories: { doc: './doc', man: './man', lib: './lib', bin: './bin' },
36 silly install resolved     main: './lib/npm.js',
36 silly install resolved     bin: { npm: './bin/npm-cli.js' },
36 silly install resolved     dependencies:
36 silly install resolved      { abbrev: '~1.0.7',
36 silly install resolved        ansi: '~0.3.0',
36 silly install resolved        'ansi-regex': '~1.1.1',
36 silly install resolved        ansicolors: '~0.3.2',
36 silly install resolved        ansistyles: '~0.1.3',
36 silly install resolved        archy: '~1.0.0',
36 silly install resolved        'async-some': '~1.0.2',
36 silly install resolved        'block-stream': '0.0.8',
36 silly install resolved        'char-spinner': '~1.0.1',
36 silly install resolved        chmodr: '~0.1.1',
36 silly install resolved        chownr: '0.0.2',
36 silly install resolved        'cmd-shim': '~2.0.1',
36 silly install resolved        columnify: '~1.5.1',
36 silly install resolved        'config-chain': '~1.1.9',
36 silly install resolved        dezalgo: '~1.0.3',
36 silly install resolved        editor: '~1.0.0',
36 silly install resolved        'fs-vacuum': '~1.2.6',
36 silly install resolved        'fs-write-stream-atomic': '~1.0.3',
36 silly install resolved        fstream: '~1.0.7',
36 silly install resolved        'fstream-npm': '~1.0.3',
36 silly install resolved        'github-url-from-git': '~1.4.0',
36 silly install resolved        'github-url-from-username-repo': '~1.0.2',
36 silly install resolved        glob: '~5.0.10',
36 silly install resolved        'graceful-fs': '~3.0.8',
36 silly install resolved        'hosted-git-info': '~2.1.4',
36 silly install resolved        inflight: '~1.0.4',
36 silly install resolved        inherits: '~2.0.1',
36 silly install resolved        ini: '~1.3.4',
36 silly install resolved        'init-package-json': '~1.7.0',
36 silly install resolved        lockfile: '~1.0.1',
36 silly install resolved        'lru-cache': '~2.6.4',
36 silly install resolved        minimatch: '~2.0.8',
36 silly install resolved        mkdirp: '~0.5.1',
36 silly install resolved        'node-gyp': '~2.0.1',
36 silly install resolved        nopt: '~3.0.3',
36 silly install resolved        'normalize-git-url': '~2.0.0',
36 silly install resolved        'normalize-package-data': '~2.3.0',
36 silly install resolved        'npm-cache-filename': '~1.0.1',
36 silly install resolved        'npm-install-checks': '~1.0.5',
36 silly install resolved        'npm-package-arg': '~4.0.1',
36 silly install resolved        'npm-registry-client': '~6.4.0',
36 silly install resolved        'npm-user-validate': '~0.1.2',
36 silly install resolved        npmlog: '~1.2.1',
36 silly install resolved        once: '~1.3.2',
36 silly install resolved        opener: '~1.4.1',
36 silly install resolved        osenv: '~0.1.2',
36 silly install resolved        'path-is-inside': '~1.0.0',
36 silly install resolved        read: '~1.0.6',
36 silly install resolved        'read-installed': '~4.0.1',
36 silly install resolved        'read-package-json': '~2.0.0',
36 silly install resolved        'readable-stream': '~1.1.13',
36 silly install resolved        'realize-package-specifier': '~3.0.1',
36 silly install resolved        request: '~2.58.0',
36 silly install resolved        retry: '~0.6.1',
36 silly install resolved        rimraf: '~2.4.0',
36 silly install resolved        semver: '~4.3.6',
36 silly install resolved        sha: '~1.3.0',
36 silly install resolved        slide: '~1.1.6',
36 silly install resolved        'sorted-object': '~1.0.0',
36 silly install resolved        spdx: '~0.4.1',
36 silly install resolved        'strip-ansi': '~2.0.1',
36 silly install resolved        tar: '~2.1.1',
36 silly install resolved        'text-table': '~0.2.0',
36 silly install resolved        'uid-number': '0.0.6',
36 silly install resolved        umask: '~1.1.0',
36 silly install resolved        'validate-npm-package-name': '2.2.0',
36 silly install resolved        which: '~1.1.1',
36 silly install resolved        wrappy: '~1.0.1',
36 silly install resolved        'write-file-atomic': '~1.1.2',
36 silly install resolved        'validate-npm-package-license': '*' },
36 silly install resolved     bundleDependencies:
36 silly install resolved      [ 'abbrev',
36 silly install resolved        'ansi-regex',
36 silly install resolved        'ansi',
36 silly install resolved        'ansicolors',
36 silly install resolved        'ansistyles',
36 silly install resolved        'archy',
36 silly install resolved        'async-some',
36 silly install resolved        'block-stream',
36 silly install resolved        'char-spinner',
36 silly install resolved        'chmodr',
36 silly install resolved        'chownr',
36 silly install resolved        'cmd-shim',
36 silly install resolved        'columnify',
36 silly install resolved        'config-chain',
36 silly install resolved        'dezalgo',
36 silly install resolved        'editor',
36 silly install resolved        'fs-vacuum',
36 silly install resolved        'fs-write-stream-atomic',
36 silly install resolved        'fstream',
36 silly install resolved        'fstream-npm',
36 silly install resolved        'github-url-from-git',
36 silly install resolved        'github-url-from-username-repo',
36 silly install resolved        'glob',
36 silly install resolved        'graceful-fs',
36 silly install resolved        'hosted-git-info',
36 silly install resolved        'inflight',
36 silly install resolved        'inherits',
36 silly install resolved        'ini',
36 silly install resolved        'init-package-json',
36 silly install resolved        'lockfile',
36 silly install resolved        'lru-cache',
36 silly install resolved        'minimatch',
36 silly install resolved        'mkdirp',
36 silly install resolved        'node-gyp',
36 silly install resolved        'nopt',
36 silly install resolved        'normalize-git-url',
36 silly install resolved        'normalize-package-data',
36 silly install resolved        'npm-cache-filename',
36 silly install resolved        'npm-install-checks',
36 silly install resolved        'npm-package-arg',
36 silly install resolved        'npm-registry-client',
36 silly install resolved        'npm-user-validate',
36 silly install resolved        'npmlog',
36 silly install resolved        'once',
36 silly install resolved        'opener',
36 silly install resolved        'osenv',
36 silly install resolved        'path-is-inside',
36 silly install resolved        'read',
36 silly install resolved        'read-installed',
36 silly install resolved        'read-package-json',
36 silly install resolved        'readable-stream',
36 silly install resolved        'realize-package-specifier',
36 silly install resolved        'request',
36 silly install resolved        'retry',
36 silly install resolved        'rimraf',
36 silly install resolved        'semver',
36 silly install resolved        'sha',
36 silly install resolved        'slide',
36 silly install resolved        'sorted-object',
36 silly install resolved        'spdx',
36 silly install resolved        'strip-ansi',
36 silly install resolved        'tar',
36 silly install resolved        'text-table',
36 silly install resolved        'uid-number',
36 silly install resolved        'umask',
36 silly install resolved        'validate-npm-package-license',
36 silly install resolved        'validate-npm-package-name',
36 silly install resolved        'which',
36 silly install resolved        'wrappy',
36 silly install resolved        'write-file-atomic' ],
36 silly install resolved     devDependencies:
36 silly install resolved      { 'deep-equal': '~1.0.0',
36 silly install resolved        marked: '~0.3.3',
36 silly install resolved        'marked-man': '~0.1.4',
36 silly install resolved        nock: '~2.6.0',
36 silly install resolved        'npm-registry-couchapp': '~2.6.7',
36 silly install resolved        'npm-registry-mock': '~1.0.0',
36 silly install resolved        'require-inject': '~1.2.0',
36 silly install resolved        'sprintf-js': '~1.0.2',
36 silly install resolved        tap: '~1.3.1' },
36 silly install resolved     scripts:
36 silly install resolved      { 'test-legacy': 'node ./test/run.js',
36 silly install resolved        test: 'tap --timeout 240 test/tap/*.js',
36 silly install resolved        tap: 'tap --timeout 240 test/tap/*.js',
36 silly install resolved        'test-all': 'npm run test-legacy && npm test',
36 silly install resolved        preversion: 'bash scripts/update-authors.sh && git add AUTHORS && git commit -m "update AUTHORS" || true',
36 silly install resolved        prepublish: 'node bin/npm-cli.js prune --prefix=. --no-global && rimraf test/*/*/node_modules && make -j4 doc',
36 silly install resolved        dumpconf: 'env | grep npm | sort | uniq' },
36 silly install resolved     license: 'Artistic-2.0',
36 silly install resolved     contributors:
36 silly install resolved      [ [Object],
36 silly install resolved        [Object],
36 silly install resolved        [Object],
36 silly install resolved        [Object],
36 silly install resolved        [Object],
36 silly install resolved        [Object],
36 silly install resolved        [Object],
36 silly install resolved        [Object],
36 silly install resolved        [Object],
36 silly install resolved        [Object],
36 silly install resolved        [Object],
36 silly install resolved        [Object],
36 silly install resolved        [Object],
36 silly install resolved        [Object],
36 silly install resolved        [Object],
36 silly install resolved        [Object],
36 silly install resolved        [Object],
36 silly install resolved        [Object],
36 silly install resolved        [Object],
36 silly install resolved        [Object],
36 silly install resolved        [Object],
36 silly install resolved        [Object],
36 silly install resolved        [Object],
36 silly install resolved        [Object],
36 silly install resolved        [Object],
36 silly install resolved        [Object],
36 silly install resolved        [Object],
36 silly install resolved        [Object],
36 silly install resolved        [Object],
36 silly install resolved        [Object],
36 silly install resolved        [Object],
36 silly install resolved        [Object],
36 silly install resolved        [Object],
36 silly install resolved        [Object],
36 silly install resolved        [Object],
36 silly install resolved        [Object],
36 silly install resolved        [Object],
36 silly install resolved        [Object],
36 silly install resolved        [Object],
36 silly install resolved        [Object],
36 silly install resolved        [Object],
36 silly install resolved        [Object],
36 silly install resolved        [Object],
36 silly install resolved        [Object],
36 silly install resolved        [Object],
36 silly install resolved        [Object],
36 silly install resolved        [Object],
36 silly install resolved        [Object],
36 silly install resolved        [Object],
36 silly install resolved        [Object],
36 silly install resolved        [Object],
36 silly install resolved        [Object],
36 silly install resolved        [Object],
36 silly install resolved        [Object],
36 silly install resolved        [Object],
36 silly install resolved        [Object],
36 silly install resolved        [Object],
36 silly install resolved        [Object],
36 silly install resolved        [Object],
36 silly install resolved        [Object],
36 silly install resolved        [Object],
36 silly install resolved        [Object],
36 silly install resolved        [Object],
36 silly install resolved        [Object],
36 silly install resolved        [Object],
36 silly install resolved        [Object],
36 silly install resolved        [Object],
36 silly install resolved        [Object],
36 silly install resolved        [Object],
36 silly install resolved        [Object],
36 silly install resolved        [Object],
36 silly install resolved        [Object],
36 silly install resolved        [Object],
36 silly install resolved        [Object],
36 silly install resolved        [Object],
36 silly install resolved        [Object],
36 silly install resolved        [Object],
36 silly install resolved        [Object],
36 silly install resolved        [Object],
36 silly install resolved        [Object],
36 silly install resolved        [Object],
36 silly install resolved        [Object],
36 silly install resolved        [Object],
36 silly install resolved        [Object],
36 silly install resolved        [Object],
36 silly install resolved        [Object],
36 silly install resolved        [Object],
36 silly install resolved        [Object],
36 silly install resolved        [Object],
36 silly install resolved        [Object],
36 silly install resolved        [Object],
36 silly install resolved        [Object],
36 silly install resolved        [Object],
36 silly install resolved        [Object],
36 silly install resolved        [Object],
36 silly install resolved        [Object],
36 silly install resolved        [Object],
36 silly install resolved        [Object],
36 silly install resolved        [Object],
36 silly install resolved        [Object],
36 silly install resolved        [Object],
36 silly install resolved        [Object],
36 silly install resolved        [Object],
36 silly install resolved        [Object],
36 silly install resolved        [Object],
36 silly install resolved        [Object],
36 silly install resolved        [Object],
36 silly install resolved        [Object],
36 silly install resolved        [Object],
36 silly install resolved        [Object],
36 silly install resolved        [Object],
36 silly install resolved        [Object],
36 silly install resolved        [Object],
36 silly install resolved        [Object],
36 silly install resolved        [Object],
36 silly install resolved        [Object],
36 silly install resolved        [Object],
36 silly install resolved        [Object],
36 silly install resolved        [Object],
36 silly install resolved        [Object],
36 silly install resolved        [Object],
36 silly install resolved        [Object],
36 silly install resolved        [Object],
36 silly install resolved        [Object],
36 silly install resolved        [Object],
36 silly install resolved        [Object],
36 silly install resolved        [Object],
36 silly install resolved        [Object],
36 silly install resolved        [Object],
36 silly install resolved        [Object],
36 silly install resolved        [Object],
36 silly install resolved        [Object],
36 silly install resolved        [Object],
36 silly install resolved        [Object],
36 silly install resolved        [Object],
36 silly install resolved        [Object],
36 silly install resolved        [Object],
36 silly install resolved        [Object],
36 silly install resolved        [Object],
36 silly install resolved        [Object],
36 silly install resolved        [Object],
36 silly install resolved        [Object],
36 silly install resolved        [Object],
36 silly install resolved        [Object],
36 silly install resolved        [Object],
36 silly install resolved        [Object],
36 silly install resolved        [Object],
36 silly install resolved        [Object],
36 silly install resolved        [Object],
36 silly install resolved        [Object],
36 silly install resolved        [Object],
36 silly install resolved        [Object],
36 silly install resolved        [Object],
36 silly install resolved        [Object],
36 silly install resolved        [Object],
36 silly install resolved        [Object],
36 silly install resolved        [Object],
36 silly install resolved        [Object],
36 silly install resolved        [Object],
36 silly install resolved        [Object],
36 silly install resolved        [Object],
36 silly install resolved        [Object],
36 silly install resolved        [Object],
36 silly install resolved        [Object],
36 silly install resolved        [Object],
36 silly install resolved        [Object],
36 silly install resolved        [Object],
36 silly install resolved        [Object],
36 silly install resolved        [Object],
36 silly install resolved        [Object],
36 silly install resolved        [Object],
36 silly install resolved        [Object],
36 silly install resolved        [Object],
36 silly install resolved        [Object],
36 silly install resolved        [Object],
36 silly install resolved        [Object],
36 silly install resolved        [Object],
36 silly install resolved        [Object],
36 silly install resolved        [Object],
36 silly install resolved        [Object],
36 silly install resolved        [Object],
36 silly install resolved        [Object],
36 silly install resolved        [Object],
36 silly install resolved        [Object],
36 silly install resolved        [Object],
36 silly install resolved        [Object],
36 silly install resolved        [Object],
36 silly install resolved        [Object],
36 silly install resolved        [Object],
36 silly install resolved        [Object],
36 silly install resolved        [Object],
36 silly install resolved        [Object],
36 silly install resolved        [Object],
36 silly install resolved        [Object],
36 silly install resolved        [Object],
36 silly install resolved        [Object],
36 silly install resolved        [Object],
36 silly install resolved        [Object],
36 silly install resolved        [Object],
36 silly install resolved        [Object],
36 silly install resolved        [Object],
36 silly install resolved        [Object],
36 silly install resolved        [Object],
36 silly install resolved        [Object],
36 silly install resolved        [Object],
36 silly install resolved        [Object],
36 silly install resolved        [Object],
36 silly install resolved        [Object],
36 silly install resolved        [Object],
36 silly install resolved        [Object],
36 silly install resolved        [Object],
36 silly install resolved        [Object],
36 silly install resolved        [Object],
36 silly install resolved        [Object],
36 silly install resolved        [Object],
36 silly install resolved        [Object],
36 silly install resolved        [Object],
36 silly install resolved        [Object],
36 silly install resolved        [Object],
36 silly install resolved        [Object],
36 silly install resolved        [Object],
36 silly install resolved        [Object],
36 silly install resolved        [Object],
36 silly install resolved        [Object],
36 silly install resolved        [Object],
36 silly install resolved        [Object],
36 silly install resolved        [Object],
36 silly install resolved        [Object],
36 silly install resolved        [Object],
36 silly install resolved        [Object],
36 silly install resolved        [Object],
36 silly install resolved        [Object],
36 silly install resolved        [Object],
36 silly install resolved        [Object],
36 silly install resolved        [Object],
36 silly install resolved        [Object],
36 silly install resolved        [Object],
36 silly install resolved        [Object],
36 silly install resolved        [Object],
36 silly install resolved        [Object],
36 silly install resolved        [Object],
36 silly install resolved        [Object],
36 silly install resolved        [Object],
36 silly install resolved        [Object],
36 silly install resolved        [Object],
36 silly install resolved        [Object],
36 silly install resolved        [Object],
36 silly install resolved        [Object],
36 silly install resolved        [Object],
36 silly install resolved        [Object],
36 silly install resolved        [Object],
36 silly install resolved        [Object],
36 silly install resolved        [Object],
36 silly install resolved        [Object],
36 silly install resolved        [Object],
36 silly install resolved        [Object],
36 silly install resolved        [Object],
36 silly install resolved        [Object],
36 silly install resolved        [Object],
36 silly install resolved        [Object],
36 silly install resolved        [Object],
36 silly install resolved        [Object],
36 silly install resolved        [Object],
36 silly install resolved        [Object],
36 silly install resolved        [Object],
36 silly install resolved        [Object],
36 silly install resolved        [Object],
36 silly install resolved        [Object],
36 silly install resolved        [Object],
36 silly install resolved        [Object],
36 silly install resolved        [Object],
36 silly install resolved        [Object],
36 silly install resolved        [Object],
36 silly install resolved        [Object],
36 silly install resolved        [Object],
36 silly install resolved        [Object],
36 silly install resolved        [Object],
36 silly install resolved        [Object],
36 silly install resolved        [Object],
36 silly install resolved        [Object],
36 silly install resolved        [Object],
36 silly install resolved        [Object],
36 silly install resolved        [Object],
36 silly install resolved        [Object],
36 silly install resolved        [Object],
36 silly install resolved        [Object],
36 silly install resolved        [Object],
36 silly install resolved        [Object],
36 silly install resolved        [Object],
36 silly install resolved        [Object],
36 silly install resolved        [Object],
36 silly install resolved        [Object] ],
36 silly install resolved     man:
36 silly install resolved      [ '/Users/ogd/Documents/projects/npm/npm/man/man1/npm-README.1',
36 silly install resolved        '/Users/ogd/Documents/projects/npm/npm/man/man1/npm-access.1',
36 silly install resolved        '/Users/ogd/Documents/projects/npm/npm/man/man1/npm-adduser.1',
36 silly install resolved        '/Users/ogd/Documents/projects/npm/npm/man/man1/npm-bin.1',
36 silly install resolved        '/Users/ogd/Documents/projects/npm/npm/man/man1/npm-bugs.1',
36 silly install resolved        '/Users/ogd/Documents/projects/npm/npm/man/man1/npm-build.1',
36 silly install resolved        '/Users/ogd/Documents/projects/npm/npm/man/man1/npm-bundle.1',
36 silly install resolved        '/Users/ogd/Documents/projects/npm/npm/man/man1/npm-cache.1',
36 silly install resolved        '/Users/ogd/Documents/projects/npm/npm/man/man1/npm-completion.1',
36 silly install resolved        '/Users/ogd/Documents/projects/npm/npm/man/man1/npm-config.1',
36 silly install resolved        '/Users/ogd/Documents/projects/npm/npm/man/man1/npm-dedupe.1',
36 silly install resolved        '/Users/ogd/Documents/projects/npm/npm/man/man1/npm-deprecate.1',
36 silly install resolved        '/Users/ogd/Documents/projects/npm/npm/man/man1/npm-dist-tag.1',
36 silly install resolved        '/Users/ogd/Documents/projects/npm/npm/man/man1/npm-docs.1',
36 silly install resolved        '/Users/ogd/Documents/projects/npm/npm/man/man1/npm-edit.1',
36 silly install resolved        '/Users/ogd/Documents/projects/npm/npm/man/man1/npm-explore.1',
36 silly install resolved        '/Users/ogd/Documents/projects/npm/npm/man/man1/npm-help-search.1',
36 silly install resolved        '/Users/ogd/Documents/projects/npm/npm/man/man1/npm-help.1',
36 silly install resolved        '/Users/ogd/Documents/projects/npm/npm/man/man1/npm-init.1',
36 silly install resolved        '/Users/ogd/Documents/projects/npm/npm/man/man1/npm-install.1',
36 silly install resolved        '/Users/ogd/Documents/projects/npm/npm/man/man1/npm-link.1',
36 silly install resolved        '/Users/ogd/Documents/projects/npm/npm/man/man1/npm-logout.1',
36 silly install resolved        '/Users/ogd/Documents/projects/npm/npm/man/man1/npm-ls.1',
36 silly install resolved        '/Users/ogd/Documents/projects/npm/npm/man/man1/npm-outdated.1',
36 silly install resolved        '/Users/ogd/Documents/projects/npm/npm/man/man1/npm-owner.1',
36 silly install resolved        '/Users/ogd/Documents/projects/npm/npm/man/man1/npm-pack.1',
36 silly install resolved        '/Users/ogd/Documents/projects/npm/npm/man/man1/npm-prefix.1',
36 silly install resolved        '/Users/ogd/Documents/projects/npm/npm/man/man1/npm-prune.1',
36 silly install resolved        '/Users/ogd/Documents/projects/npm/npm/man/man1/npm-publish.1',
36 silly install resolved        '/Users/ogd/Documents/projects/npm/npm/man/man1/npm-rebuild.1',
36 silly install resolved        '/Users/ogd/Documents/projects/npm/npm/man/man1/npm-repo.1',
36 silly install resolved        '/Users/ogd/Documents/projects/npm/npm/man/man1/npm-restart.1',
36 silly install resolved        '/Users/ogd/Documents/projects/npm/npm/man/man1/npm-rm.1',
36 silly install resolved        '/Users/ogd/Documents/projects/npm/npm/man/man1/npm-root.1',
36 silly install resolved        '/Users/ogd/Documents/projects/npm/npm/man/man1/npm-run-script.1',
36 silly install resolved        '/Users/ogd/Documents/projects/npm/npm/man/man1/npm-search.1',
36 silly install resolved        '/Users/ogd/Documents/projects/npm/npm/man/man1/npm-shrinkwrap.1',
36 silly install resolved        '/Users/ogd/Documents/projects/npm/npm/man/man1/npm-star.1',
36 silly install resolved        '/Users/ogd/Documents/projects/npm/npm/man/man1/npm-stars.1',
36 silly install resolved        '/Users/ogd/Documents/projects/npm/npm/man/man1/npm-start.1',
36 silly install resolved        '/Users/ogd/Documents/projects/npm/npm/man/man1/npm-stop.1',
36 silly install resolved        '/Users/ogd/Documents/projects/npm/npm/man/man1/npm-submodule.1',
36 silly install resolved        '/Users/ogd/Documents/projects/npm/npm/man/man1/npm-tag.1',
36 silly install resolved        '/Users/ogd/Documents/projects/npm/npm/man/man1/npm-test.1',
36 silly install resolved        '/Users/ogd/Documents/projects/npm/npm/man/man1/npm-uninstall.1',
36 silly install resolved        '/Users/ogd/Documents/projects/npm/npm/man/man1/npm-unpublish.1',
36 silly install resolved        '/Users/ogd/Documents/projects/npm/npm/man/man1/npm-update.1',
36 silly install resolved        '/Users/ogd/Documents/projects/npm/npm/man/man1/npm-version.1',
36 silly install resolved        '/Users/ogd/Documents/projects/npm/npm/man/man1/npm-view.1',
36 silly install resolved        '/Users/ogd/Documents/projects/npm/npm/man/man1/npm-whoami.1',
36 silly install resolved        '/Users/ogd/Documents/projects/npm/npm/man/man1/npm.1',
36 silly install resolved        '/Users/ogd/Documents/projects/npm/npm/man/man3/npm-bin.3',
36 silly install resolved        '/Users/ogd/Documents/projects/npm/npm/man/man3/npm-bugs.3',
36 silly install resolved        '/Users/ogd/Documents/projects/npm/npm/man/man3/npm-cache.3',
36 silly install resolved        '/Users/ogd/Documents/projects/npm/npm/man/man3/npm-commands.3',
36 silly install resolved        '/Users/ogd/Documents/projects/npm/npm/man/man3/npm-config.3',
36 silly install resolved        '/Users/ogd/Documents/projects/npm/npm/man/man3/npm-deprecate.3',
36 silly install resolved        '/Users/ogd/Documents/projects/npm/npm/man/man3/npm-docs.3',
36 silly install resolved        '/Users/ogd/Documents/projects/npm/npm/man/man3/npm-edit.3',
36 silly install resolved        '/Users/ogd/Documents/projects/npm/npm/man/man3/npm-explore.3',
36 silly install resolved        '/Users/ogd/Documents/projects/npm/npm/man/man3/npm-help-search.3',
36 silly install resolved        '/Users/ogd/Documents/projects/npm/npm/man/man3/npm-init.3',
36 silly install resolved        '/Users/ogd/Documents/projects/npm/npm/man/man3/npm-install.3',
36 silly install resolved        '/Users/ogd/Documents/projects/npm/npm/man/man3/npm-link.3',
36 silly install resolved        '/Users/ogd/Documents/projects/npm/npm/man/man3/npm-load.3',
36 silly install resolved        '/Users/ogd/Documents/projects/npm/npm/man/man3/npm-ls.3',
36 silly install resolved        '/Users/ogd/Documents/projects/npm/npm/man/man3/npm-outdated.3',
36 silly install resolved        '/Users/ogd/Documents/projects/npm/npm/man/man3/npm-owner.3',
36 silly install resolved        '/Users/ogd/Documents/projects/npm/npm/man/man3/npm-pack.3',
36 silly install resolved        '/Users/ogd/Documents/projects/npm/npm/man/man3/npm-prefix.3',
36 silly install resolved        '/Users/ogd/Documents/projects/npm/npm/man/man3/npm-prune.3',
36 silly install resolved        '/Users/ogd/Documents/projects/npm/npm/man/man3/npm-publish.3',
36 silly install resolved        '/Users/ogd/Documents/projects/npm/npm/man/man3/npm-rebuild.3',
36 silly install resolved        '/Users/ogd/Documents/projects/npm/npm/man/man3/npm-repo.3',
36 silly install resolved        '/Users/ogd/Documents/projects/npm/npm/man/man3/npm-restart.3',
36 silly install resolved        '/Users/ogd/Documents/projects/npm/npm/man/man3/npm-root.3',
36 silly install resolved        '/Users/ogd/Documents/projects/npm/npm/man/man3/npm-run-script.3',
36 silly install resolved        '/Users/ogd/Documents/projects/npm/npm/man/man3/npm-search.3',
36 silly install resolved        '/Users/ogd/Documents/projects/npm/npm/man/man3/npm-shrinkwrap.3',
36 silly install resolved        '/Users/ogd/Documents/projects/npm/npm/man/man3/npm-start.3',
36 silly install resolved        '/Users/ogd/Documents/projects/npm/npm/man/man3/npm-stop.3',
36 silly install resolved        '/Users/ogd/Documents/projects/npm/npm/man/man3/npm-submodule.3',
36 silly install resolved        '/Users/ogd/Documents/projects/npm/npm/man/man3/npm-tag.3',
36 silly install resolved        '/Users/ogd/Documents/projects/npm/npm/man/man3/npm-test.3',
36 silly install resolved        '/Users/ogd/Documents/projects/npm/npm/man/man3/npm-uninstall.3',
36 silly install resolved        '/Users/ogd/Documents/projects/npm/npm/man/man3/npm-unpublish.3',
36 silly install resolved        '/Users/ogd/Documents/projects/npm/npm/man/man3/npm-update.3',
36 silly install resolved        '/Users/ogd/Documents/projects/npm/npm/man/man3/npm-version.3',
36 silly install resolved        '/Users/ogd/Documents/projects/npm/npm/man/man3/npm-view.3',
36 silly install resolved        '/Users/ogd/Documents/projects/npm/npm/man/man3/npm-whoami.3',
36 silly install resolved        '/Users/ogd/Documents/projects/npm/npm/man/man3/npm.3',
36 silly install resolved        '/Users/ogd/Documents/projects/npm/npm/man/man5/npm-folders.5',
36 silly install resolved        '/Users/ogd/Documents/projects/npm/npm/man/man5/npm-global.5',
36 silly install resolved        '/Users/ogd/Documents/projects/npm/npm/man/man5/npm-json.5',
36 silly install resolved        '/Users/ogd/Documents/projects/npm/npm/man/man5/npmrc.5',
36 silly install resolved        '/Users/ogd/Documents/projects/npm/npm/man/man5/package.json.5',
36 silly install resolved        '/Users/ogd/Documents/projects/npm/npm/man/man7/npm-coding-style.7',
36 silly install resolved        '/Users/ogd/Documents/projects/npm/npm/man/man7/npm-config.7',
36 silly install resolved        '/Users/ogd/Documents/projects/npm/npm/man/man7/npm-developers.7',
36 silly install resolved        '/Users/ogd/Documents/projects/npm/npm/man/man7/npm-disputes.7',
36 silly install resolved        '/Users/ogd/Documents/projects/npm/npm/man/man7/npm-faq.7',
36 silly install resolved        '/Users/ogd/Documents/projects/npm/npm/man/man7/npm-index.7',
36 silly install resolved        '/Users/ogd/Documents/projects/npm/npm/man/man7/npm-registry.7',
36 silly install resolved        '/Users/ogd/Documents/projects/npm/npm/man/man7/npm-scope.7',
36 silly install resolved        '/Users/ogd/Documents/projects/npm/npm/man/man7/npm-scripts.7',
36 silly install resolved        '/Users/ogd/Documents/projects/npm/npm/man/man7/removing-npm.7',
36 silly install resolved        '/Users/ogd/Documents/projects/npm/npm/man/man7/semver.7' ],
36 silly install resolved     gitHead: '7a487e0880446f48c915d4bae28da91e5ee0c9dc',
36 silly install resolved     _id: 'npm@2.12.1',
36 silly install resolved     _shasum: '152b6369ceeadab1e3e139ee25e13230f84c33ad',
36 silly install resolved     _from: 'npm@2.12.1',
36 silly install resolved     _npmVersion: '2.12.1',
36 silly install resolved     _nodeVersion: '2.3.1',
36 silly install resolved     _npmUser: { name: 'othiym23', email: 'ogd@aoaioxxysz.net' },
36 silly install resolved     dist:
36 silly install resolved      { shasum: '152b6369ceeadab1e3e139ee25e13230f84c33ad',
36 silly install resolved        tarball: 'http://registry.npmjs.org/npm/-/npm-2.12.1.tgz' },
36 silly install resolved     maintainers: [ [Object], [Object], [Object], [Object] ],
36 silly install resolved     _resolved: 'https://registry.npmjs.org/npm/-/npm-2.12.1.tgz',
36 silly install resolved     readme: 'ERROR: No README data found!' } ]
37 info install npm@2.12.1 into C:\Program Files (x86)\nodejs
38 info installOne npm@2.12.1
39 verbose installOne of npm to C:\Program Files (x86)\nodejs not in flight; installing
40 verbose lock using C:\Users\edvin.12MEDIA\AppData\Roaming\npm-cache\_locks\npm-6ee478fcdd85fc37.lock for C:\Program Files (x86)\nodejs\node_modules\npm
41 silly install write writing npm 2.12.1 to C:\Program Files (x86)\nodejs\node_modules\npm
42 verbose unbuild node_modules\npm
43 info preuninstall npm@1.4.28
44 info uninstall npm@1.4.28
45 verbose unbuild rmStuff npm@1.4.28 from C:\Program Files (x86)\nodejs\node_modules
46 silly gentlyRm C:\Program Files (x86)\nodejs\npm.cmd is being gently removed
47 silly gentlyRm verifying C:\Program Files (x86)\nodejs is an npm working directory
48 silly gentlyRm containing path C:\Program Files (x86)\nodejs is under npm's control, in C:\Program Files (x86)\nodejs
49 silly gentlyRm deletion target C:\Program Files (x86)\nodejs\npm.cmd is under C:\Program Files (x86)\nodejs
50 verbose gentlyRm vacuuming from C:\Program Files (x86)\nodejs\npm.cmd up to C:\Program Files (x86)\nodejs
51 silly vacuum-fs removing C:\Program Files (x86)\nodejs\npm.cmd
52 verbose unlock done using C:\Users\edvin.12MEDIA\AppData\Roaming\npm-cache\_locks\npm-6ee478fcdd85fc37.lock for C:\Program Files (x86)\nodejs\node_modules\npm
53 verbose stack Error: EPERM, unlink 'C:\Program Files (x86)\nodejs\npm.cmd'
54 verbose cwd C:\repos\time-span
55 error Windows_NT 6.2.9200
56 error argv "node" "C:\\Users\\edvin.12MEDIA\\AppData\\Roaming\\npm\\node_modules\\npm\\bin\\npm-cli.js" "update" "-g"
57 error node v0.10.39
58 error npm  v2.12.1
59 error path C:\Program Files (x86)\nodejs\npm.cmd
60 error code EPERM
61 error errno 50
62 error Error: EPERM, unlink 'C:\Program Files (x86)\nodejs\npm.cmd'
62 error  { [Error: EPERM, unlink 'C:\Program Files (x86)\nodejs\npm.cmd']
62 error   errno: 50,
62 error   code: 'EPERM',
62 error   path: 'C:\\Program Files (x86)\\nodejs\\npm.cmd' }
63 error Please try running this command again as root/Administrator.
64 verbose exit [ 50, true ]
65 verbose unbuild node_modules\npm
66 info preuninstall npm@1.4.28
67 info uninstall npm@1.4.28
68 verbose unbuild rmStuff npm@1.4.28 from C:\Program Files (x86)\nodejs\node_modules
69 silly gentlyRm C:\Program Files (x86)\nodejs\npm.cmd is being gently removed
70 silly gentlyRm verifying C:\Program Files (x86)\nodejs is an npm working directory
71 silly gentlyRm containing path C:\Program Files (x86)\nodejs is under npm's control, in C:\Program Files (x86)\nodejs
72 silly gentlyRm deletion target C:\Program Files (x86)\nodejs\npm.cmd is under C:\Program Files (x86)\nodejs
73 verbose gentlyRm vacuuming from C:\Program Files (x86)\nodejs\npm.cmd up to C:\Program Files (x86)\nodejs
74 silly vacuum-fs removing C:\Program Files (x86)\nodejs\npm.cmd
75 error error rolling back Error: EPERM, unlink 'C:\Program Files (x86)\nodejs\npm.cmd'
75 error error rolling back  { [Error: EPERM, unlink 'C:\Program Files (x86)\nodejs\npm.cmd']
75 error error rolling back   errno: 50,
75 error error rolling back   code: 'EPERM',
75 error error rolling back   path: 'C:\\Program Files (x86)\\nodejs\\npm.cmd' }
